<?xml version="1.0" encoding="UTF-8"?>
<testsuite name="com.maxxton.client.DemoClientServiceApplicationTests" tests="1" skipped="0" failures="0" errors="0" timestamp="2016-05-20T07:21:15" hostname="Maxxton2016-1" time="0.002">
  <properties/>
  <testcase name="contextLoads" classname="com.maxxton.client.DemoClientServiceApplicationTests" time="0.002"/>
  <system-out><![CDATA[09:21:07.863 [Test worker] DEBUG o.s.t.c.j.SpringJUnit4ClassRunner - SpringJUnit4ClassRunner constructor called with [class com.maxxton.client.DemoClientServiceApplicationTests]
09:21:07.868 [Test worker] DEBUG o.s.test.context.BootstrapUtils - Instantiating CacheAwareContextLoaderDelegate from class [org.springframework.test.context.cache.DefaultCacheAwareContextLoaderDelegate]
09:21:07.874 [Test worker] DEBUG o.s.test.context.BootstrapUtils - Instantiating BootstrapContext using constructor [public org.springframework.test.context.support.DefaultBootstrapContext(java.lang.Class,org.springframework.test.context.CacheAwareContextLoaderDelegate)]
09:21:07.887 [Test worker] DEBUG o.s.test.context.BootstrapUtils - Instantiating TestContextBootstrapper for test class [com.maxxton.client.DemoClientServiceApplicationTests] from class [org.springframework.test.context.web.WebTestContextBootstrapper]
09:21:07.910 [Test worker] DEBUG o.s.t.c.w.WebTestContextBootstrapper - Found explicit ContextLoader class [org.springframework.boot.test.SpringApplicationContextLoader] for context configuration attributes [ContextConfigurationAttributes@1e07dd97 declaringClass = 'com.maxxton.client.DemoClientServiceApplicationTests', classes = '{class com.maxxton.client.DemoClientServiceApplication}', locations = '{}', inheritLocations = true, initializers = '{}', inheritInitializers = true, name = [null], contextLoaderClass = 'org.springframework.boot.test.SpringApplicationContextLoader']
09:21:07.920 [Test worker] DEBUG o.s.t.c.s.AbstractContextLoader - Did not detect default resource location for test class [com.maxxton.client.DemoClientServiceApplicationTests]: class path resource [com/maxxton/client/DemoClientServiceApplicationTests-context.xml] does not exist
09:21:07.921 [Test worker] DEBUG o.s.t.c.s.AbstractContextLoader - Did not detect default resource location for test class [com.maxxton.client.DemoClientServiceApplicationTests]: class path resource [com/maxxton/client/DemoClientServiceApplicationTestsContext.groovy] does not exist
09:21:07.921 [Test worker] INFO  o.s.t.c.s.AbstractContextLoader - Could not detect default resource locations for test class [com.maxxton.client.DemoClientServiceApplicationTests]: no resource found for suffixes {-context.xml, Context.groovy}.
09:21:07.924 [Test worker] DEBUG o.s.t.c.support.ActiveProfilesUtils - Could not find an 'annotation declaring class' for annotation type [org.springframework.test.context.ActiveProfiles] and class [com.maxxton.client.DemoClientServiceApplicationTests]
09:21:07.928 [Test worker] DEBUG o.s.t.c.w.WebTestContextBootstrapper - @TestExecutionListeners is not present for class [com.maxxton.client.DemoClientServiceApplicationTests]: using defaults.
09:21:07.938 [Test worker] INFO  o.s.t.c.w.WebTestContextBootstrapper - Loaded default TestExecutionListener class names from location [META-INF/spring.factories]: [org.springframework.test.context.web.ServletTestExecutionListener, org.springframework.test.context.support.DirtiesContextBeforeModesTestExecutionListener, org.springframework.test.context.support.DependencyInjectionTestExecutionListener, org.springframework.test.context.support.DirtiesContextTestExecutionListener, org.springframework.test.context.transaction.TransactionalTestExecutionListener, org.springframework.test.context.jdbc.SqlScriptsTestExecutionListener]
09:21:07.943 [Test worker] INFO  o.s.t.c.w.WebTestContextBootstrapper - Could not instantiate TestExecutionListener [org.springframework.test.context.transaction.TransactionalTestExecutionListener]. Specify custom listener classes or make the default listener classes (and their required dependencies) available. Offending class: [org/springframework/transaction/interceptor/TransactionAttributeSource]
09:21:07.944 [Test worker] INFO  o.s.t.c.w.WebTestContextBootstrapper - Could not instantiate TestExecutionListener [org.springframework.test.context.jdbc.SqlScriptsTestExecutionListener]. Specify custom listener classes or make the default listener classes (and their required dependencies) available. Offending class: [org/springframework/transaction/interceptor/TransactionAttribute]
09:21:07.953 [Test worker] INFO  o.s.t.c.w.WebTestContextBootstrapper - Using TestExecutionListeners: [org.springframework.test.context.web.ServletTestExecutionListener@428af7f0, org.springframework.test.context.support.DirtiesContextBeforeModesTestExecutionListener@3ca5736e, org.springframework.test.context.support.DependencyInjectionTestExecutionListener@4ff2528f, org.springframework.test.context.support.DirtiesContextTestExecutionListener@1e55ddf8]
09:21:07.956 [Test worker] DEBUG o.s.t.annotation.ProfileValueUtils - Retrieved @ProfileValueSourceConfiguration [null] for test class [com.maxxton.client.DemoClientServiceApplicationTests]
09:21:07.957 [Test worker] DEBUG o.s.t.annotation.ProfileValueUtils - Retrieved ProfileValueSource type [class org.springframework.test.annotation.SystemProfileValueSource] for class [com.maxxton.client.DemoClientServiceApplicationTests]
09:21:07.958 [Test worker] DEBUG o.s.t.annotation.ProfileValueUtils - Retrieved @ProfileValueSourceConfiguration [null] for test class [com.maxxton.client.DemoClientServiceApplicationTests]
09:21:07.958 [Test worker] DEBUG o.s.t.annotation.ProfileValueUtils - Retrieved ProfileValueSource type [class org.springframework.test.annotation.SystemProfileValueSource] for class [com.maxxton.client.DemoClientServiceApplicationTests]
09:21:07.961 [Test worker] DEBUG o.s.t.c.s.AbstractDirtiesContextTestExecutionListener - Before test class: context [DefaultTestContext@6ffb82db testClass = DemoClientServiceApplicationTests, testInstance = [null], testMethod = [null], testException = [null], mergedContextConfiguration = [WebMergedContextConfiguration@7ff0237a testClass = DemoClientServiceApplicationTests, locations = '{}', classes = '{class com.maxxton.client.DemoClientServiceApplication}', contextInitializerClasses = '[]', activeProfiles = '{}', propertySourceLocations = '{}', propertySourceProperties = '{}', resourceBasePath = 'src/main/webapp', contextLoader = 'org.springframework.boot.test.SpringApplicationContextLoader', parent = [null]]], class annotated with @DirtiesContext [false] with mode [null].
09:21:07.962 [Test worker] DEBUG o.s.t.annotation.ProfileValueUtils - Retrieved @ProfileValueSourceConfiguration [null] for test class [com.maxxton.client.DemoClientServiceApplicationTests]
09:21:07.962 [Test worker] DEBUG o.s.t.annotation.ProfileValueUtils - Retrieved ProfileValueSource type [class org.springframework.test.annotation.SystemProfileValueSource] for class [com.maxxton.client.DemoClientServiceApplicationTests]
09:21:08.034 [Test worker] DEBUG o.s.core.env.StandardEnvironment - Adding [systemProperties] PropertySource with lowest search precedence
09:21:08.035 [Test worker] DEBUG o.s.core.env.StandardEnvironment - Adding [systemEnvironment] PropertySource with lowest search precedence
09:21:08.036 [Test worker] DEBUG o.s.core.env.StandardEnvironment - Initialized StandardEnvironment with PropertySources [systemProperties,systemEnvironment]
09:21:08.037 [Test worker] DEBUG o.s.core.env.StandardEnvironment - Adding [integrationTest] PropertySource with search precedence immediately lower than [systemEnvironment]
2016-05-20 09:21:09.785  INFO 3068 --- [    Test worker] s.c.a.AnnotationConfigApplicationContext : Refreshing org.springframework.context.annotation.AnnotationConfigApplicationContext@65bce016: startup date [Fri May 20 09:21:09 CEST 2016]; root of context hierarchy
2016-05-20 09:21:09.958  INFO 3068 --- [    Test worker] f.a.AutowiredAnnotationBeanPostProcessor : JSR-330 'javax.inject.Inject' annotation found and supported for autowiring
2016-05-20 09:21:09.977  INFO 3068 --- [    Test worker] trationDelegate$BeanPostProcessorChecker : Bean 'configurationPropertiesRebinderAutoConfiguration' of type [class org.springframework.cloud.autoconfigure.ConfigurationPropertiesRebinderAutoConfiguration$$EnhancerBySpringCGLIB$$2bbb752f] is not eligible for getting processed by all BeanPostProcessors (for example: not eligible for auto-proxying)
2016-05-20 09:21:11.379  INFO 3068 --- [    Test worker] o.s.cloud.commons.util.InetUtils         : Cannot determine local hostname

  .   ____          _            __ _ _
 /\\ / ___'_ __ _ _(_)_ __  __ _ \ \ \ \
( ( )\___ | '_ | '_| | '_ \/ _` | \ \ \ \
 \\/  ___)| |_)| | | | | || (_| |  ) ) ) )
  '  |____| .__|_| |_|_| |_\__, | / / / /
 =========|_|==============|___/=/_/_/_/
 :: Spring Boot ::        (v1.3.3.RELEASE)

2016-05-20 09:21:11.429  INFO 3068 --- [    Test worker] c.m.c.DemoClientServiceApplicationTests  : No active profile set, falling back to default profiles: default
2016-05-20 09:21:11.446  INFO 3068 --- [    Test worker] o.s.w.c.s.GenericWebApplicationContext   : Refreshing org.springframework.web.context.support.GenericWebApplicationContext@75646e93: startup date [Fri May 20 09:21:11 CEST 2016]; parent: org.springframework.context.annotation.AnnotationConfigApplicationContext@65bce016
2016-05-20 09:21:12.030  INFO 3068 --- [    Test worker] o.s.b.f.s.DefaultListableBeanFactory     : Overriding bean definition for bean 'beanNameViewResolver' with a different definition: replacing [Root bean: class [null]; scope=; abstract=false; lazyInit=false; autowireMode=3; dependencyCheck=0; autowireCandidate=true; primary=false; factoryBeanName=org.springframework.boot.autoconfigure.web.ErrorMvcAutoConfiguration$WhitelabelErrorViewConfiguration; factoryMethodName=beanNameViewResolver; initMethodName=null; destroyMethodName=(inferred); defined in class path resource [org/springframework/boot/autoconfigure/web/ErrorMvcAutoConfiguration$WhitelabelErrorViewConfiguration.class]] with [Root bean: class [null]; scope=; abstract=false; lazyInit=false; autowireMode=3; dependencyCheck=0; autowireCandidate=true; primary=false; factoryBeanName=org.springframework.boot.autoconfigure.web.WebMvcAutoConfiguration$WebMvcAutoConfigurationAdapter; factoryMethodName=beanNameViewResolver; initMethodName=null; destroyMethodName=(inferred); defined in class path resource [org/springframework/boot/autoconfigure/web/WebMvcAutoConfiguration$WebMvcAutoConfigurationAdapter.class]]
2016-05-20 09:21:12.212  INFO 3068 --- [    Test worker] o.s.cloud.context.scope.GenericScope     : BeanFactory id=09b78034-c7c0-31a2-9f90-0d02389bcd74
2016-05-20 09:21:12.223  INFO 3068 --- [    Test worker] f.a.AutowiredAnnotationBeanPostProcessor : JSR-330 'javax.inject.Inject' annotation found and supported for autowiring
2016-05-20 09:21:12.235  INFO 3068 --- [    Test worker] trationDelegate$BeanPostProcessorChecker : Bean 'org.springframework.cloud.autoconfigure.ConfigurationPropertiesRebinderAutoConfiguration' of type [class org.springframework.cloud.autoconfigure.ConfigurationPropertiesRebinderAutoConfiguration$$EnhancerBySpringCGLIB$$2bbb752f] is not eligible for getting processed by all BeanPostProcessors (for example: not eligible for auto-proxying)
2016-05-20 09:21:12.290  INFO 3068 --- [    Test worker] s.c.a.AnnotationConfigApplicationContext : Refreshing org.springframework.context.annotation.AnnotationConfigApplicationContext@79b4ea8f: startup date [Fri May 20 09:21:12 CEST 2016]; parent: org.springframework.web.context.support.GenericWebApplicationContext@75646e93
2016-05-20 09:21:12.314  INFO 3068 --- [    Test worker] f.a.AutowiredAnnotationBeanPostProcessor : JSR-330 'javax.inject.Inject' annotation found and supported for autowiring
2016-05-20 09:21:14.119  INFO 3068 --- [    Test worker] o.s.cloud.commons.util.InetUtils         : Cannot determine local hostname
2016-05-20 09:21:14.723  INFO 3068 --- [    Test worker] s.w.s.m.m.a.RequestMappingHandlerAdapter : Looking for @ControllerAdvice: org.springframework.web.context.support.GenericWebApplicationContext@75646e93: startup date [Fri May 20 09:21:11 CEST 2016]; parent: org.springframework.context.annotation.AnnotationConfigApplicationContext@65bce016
2016-05-20 09:21:14.839  INFO 3068 --- [    Test worker] s.w.s.m.m.a.RequestMappingHandlerMapping : Mapped "{[/hello],methods=[GET]}" onto public java.lang.String com.maxxton.client.DemoClientController.hello(java.lang.String)
2016-05-20 09:21:14.842  INFO 3068 --- [    Test worker] s.w.s.m.m.a.RequestMappingHandlerMapping : Mapped "{[/error]}" onto public org.springframework.http.ResponseEntity<java.util.Map<java.lang.String, java.lang.Object>> org.springframework.boot.autoconfigure.web.BasicErrorController.error(javax.servlet.http.HttpServletRequest)
2016-05-20 09:21:14.845  INFO 3068 --- [    Test worker] s.w.s.m.m.a.RequestMappingHandlerMapping : Mapped "{[/error],produces=[text/html]}" onto public org.springframework.web.servlet.ModelAndView org.springframework.boot.autoconfigure.web.BasicErrorController.errorHtml(javax.servlet.http.HttpServletRequest,javax.servlet.http.HttpServletResponse)
2016-05-20 09:21:14.889  INFO 3068 --- [    Test worker] o.s.w.s.handler.SimpleUrlHandlerMapping  : Mapped URL path [/webjars/**] onto handler of type [class org.springframework.web.servlet.resource.ResourceHttpRequestHandler]
2016-05-20 09:21:14.889  INFO 3068 --- [    Test worker] o.s.w.s.handler.SimpleUrlHandlerMapping  : Mapped URL path [/**] onto handler of type [class org.springframework.web.servlet.resource.ResourceHttpRequestHandler]
2016-05-20 09:21:14.934  INFO 3068 --- [    Test worker] o.s.w.s.handler.SimpleUrlHandlerMapping  : Mapped URL path [/**/favicon.ico] onto handler of type [class org.springframework.web.servlet.resource.ResourceHttpRequestHandler]
2016-05-20 09:21:15.291  WARN 3068 --- [    Test worker] c.n.c.sources.URLConfigurationSource     : No URLs will be polled as dynamic configuration sources.
2016-05-20 09:21:15.292  INFO 3068 --- [    Test worker] c.n.c.sources.URLConfigurationSource     : To enable URLs as dynamic configuration sources, define System property archaius.configurationSource.additionalUrls or make config.properties available on classpath.
2016-05-20 09:21:15.306  WARN 3068 --- [    Test worker] c.n.c.sources.URLConfigurationSource     : No URLs will be polled as dynamic configuration sources.
2016-05-20 09:21:15.306  INFO 3068 --- [    Test worker] c.n.c.sources.URLConfigurationSource     : To enable URLs as dynamic configuration sources, define System property archaius.configurationSource.additionalUrls or make config.properties available on classpath.
2016-05-20 09:21:15.529  INFO 3068 --- [    Test worker] o.s.c.support.DefaultLifecycleProcessor  : Starting beans in phase 0
2016-05-20 09:21:15.541  INFO 3068 --- [    Test worker] c.m.c.DemoClientServiceApplicationTests  : Started DemoClientServiceApplicationTests in 7.492 seconds (JVM running for 8.561)
]]></system-out>
  <system-err><![CDATA[]]></system-err>
</testsuite>
