<?xml version="1.0" encoding="UTF-8"?>
<testsuite name="com.maxxton.client.DemoClientServiceApplicationTests" tests="1" skipped="0" failures="0" errors="0" timestamp="2016-03-15T15:18:27" hostname="Maxxton2016-1" time="0.001">
  <properties/>
  <testcase name="contextLoads" classname="com.maxxton.client.DemoClientServiceApplicationTests" time="0.001"/>
  <system-out><![CDATA[16:18:16.639 [Test worker] DEBUG o.s.t.c.j.SpringJUnit4ClassRunner - SpringJUnit4ClassRunner constructor called with [class com.maxxton.client.DemoClientServiceApplicationTests]
16:18:16.650 [Test worker] DEBUG o.s.test.context.BootstrapUtils - Instantiating CacheAwareContextLoaderDelegate from class [org.springframework.test.context.cache.DefaultCacheAwareContextLoaderDelegate]
16:18:16.659 [Test worker] DEBUG o.s.test.context.BootstrapUtils - Instantiating BootstrapContext using constructor [public org.springframework.test.context.support.DefaultBootstrapContext(java.lang.Class,org.springframework.test.context.CacheAwareContextLoaderDelegate)]
16:18:16.673 [Test worker] DEBUG o.s.test.context.BootstrapUtils - Instantiating TestContextBootstrapper for test class [com.maxxton.client.DemoClientServiceApplicationTests] from class [org.springframework.test.context.web.WebTestContextBootstrapper]
16:18:16.716 [Test worker] DEBUG o.s.t.c.w.WebTestContextBootstrapper - Found explicit ContextLoader class [org.springframework.boot.test.SpringApplicationContextLoader] for context configuration attributes [ContextConfigurationAttributes@751cc9bb declaringClass = 'com.maxxton.client.DemoClientServiceApplicationTests', classes = '{class com.maxxton.client.DemoClientServiceApplication}', locations = '{}', inheritLocations = true, initializers = '{}', inheritInitializers = true, name = [null], contextLoaderClass = 'org.springframework.boot.test.SpringApplicationContextLoader']
16:18:16.726 [Test worker] DEBUG o.s.t.c.s.AbstractContextLoader - Did not detect default resource location for test class [com.maxxton.client.DemoClientServiceApplicationTests]: class path resource [com/maxxton/client/DemoClientServiceApplicationTests-context.xml] does not exist
16:18:16.726 [Test worker] DEBUG o.s.t.c.s.AbstractContextLoader - Did not detect default resource location for test class [com.maxxton.client.DemoClientServiceApplicationTests]: class path resource [com/maxxton/client/DemoClientServiceApplicationTestsContext.groovy] does not exist
16:18:16.728 [Test worker] INFO  o.s.t.c.s.AbstractContextLoader - Could not detect default resource locations for test class [com.maxxton.client.DemoClientServiceApplicationTests]: no resource found for suffixes {-context.xml, Context.groovy}.
16:18:16.733 [Test worker] DEBUG o.s.t.c.support.ActiveProfilesUtils - Could not find an 'annotation declaring class' for annotation type [org.springframework.test.context.ActiveProfiles] and class [com.maxxton.client.DemoClientServiceApplicationTests]
16:18:16.738 [Test worker] DEBUG o.s.t.c.w.WebTestContextBootstrapper - @TestExecutionListeners is not present for class [com.maxxton.client.DemoClientServiceApplicationTests]: using defaults.
16:18:16.747 [Test worker] INFO  o.s.t.c.w.WebTestContextBootstrapper - Loaded default TestExecutionListener class names from location [META-INF/spring.factories]: [org.springframework.test.context.web.ServletTestExecutionListener, org.springframework.test.context.support.DirtiesContextBeforeModesTestExecutionListener, org.springframework.test.context.support.DependencyInjectionTestExecutionListener, org.springframework.test.context.support.DirtiesContextTestExecutionListener, org.springframework.test.context.transaction.TransactionalTestExecutionListener, org.springframework.test.context.jdbc.SqlScriptsTestExecutionListener]
16:18:16.757 [Test worker] INFO  o.s.t.c.w.WebTestContextBootstrapper - Could not instantiate TestExecutionListener [org.springframework.test.context.transaction.TransactionalTestExecutionListener]. Specify custom listener classes or make the default listener classes (and their required dependencies) available. Offending class: [org/springframework/transaction/interceptor/TransactionAttributeSource]
16:18:16.758 [Test worker] INFO  o.s.t.c.w.WebTestContextBootstrapper - Could not instantiate TestExecutionListener [org.springframework.test.context.jdbc.SqlScriptsTestExecutionListener]. Specify custom listener classes or make the default listener classes (and their required dependencies) available. Offending class: [org/springframework/transaction/interceptor/TransactionAttribute]
16:18:16.760 [Test worker] INFO  o.s.t.c.w.WebTestContextBootstrapper - Using TestExecutionListeners: [org.springframework.test.context.web.ServletTestExecutionListener@1adea84, org.springframework.test.context.support.DirtiesContextBeforeModesTestExecutionListener@15ce964a, org.springframework.test.context.support.DependencyInjectionTestExecutionListener@74f1fc46, org.springframework.test.context.support.DirtiesContextTestExecutionListener@3d07139c]
16:18:16.764 [Test worker] DEBUG o.s.t.annotation.ProfileValueUtils - Retrieved @ProfileValueSourceConfiguration [null] for test class [com.maxxton.client.DemoClientServiceApplicationTests]
16:18:16.765 [Test worker] DEBUG o.s.t.annotation.ProfileValueUtils - Retrieved ProfileValueSource type [class org.springframework.test.annotation.SystemProfileValueSource] for class [com.maxxton.client.DemoClientServiceApplicationTests]
16:18:16.767 [Test worker] DEBUG o.s.t.annotation.ProfileValueUtils - Retrieved @ProfileValueSourceConfiguration [null] for test class [com.maxxton.client.DemoClientServiceApplicationTests]
16:18:16.768 [Test worker] DEBUG o.s.t.annotation.ProfileValueUtils - Retrieved ProfileValueSource type [class org.springframework.test.annotation.SystemProfileValueSource] for class [com.maxxton.client.DemoClientServiceApplicationTests]
16:18:16.770 [Test worker] DEBUG o.s.t.c.s.AbstractDirtiesContextTestExecutionListener - Before test class: context [DefaultTestContext@6dcd106d testClass = DemoClientServiceApplicationTests, testInstance = [null], testMethod = [null], testException = [null], mergedContextConfiguration = [WebMergedContextConfiguration@7141cff4 testClass = DemoClientServiceApplicationTests, locations = '{}', classes = '{class com.maxxton.client.DemoClientServiceApplication}', contextInitializerClasses = '[]', activeProfiles = '{}', propertySourceLocations = '{}', propertySourceProperties = '{}', resourceBasePath = 'src/main/webapp', contextLoader = 'org.springframework.boot.test.SpringApplicationContextLoader', parent = [null]]], class annotated with @DirtiesContext [false] with mode [null].
16:18:16.772 [Test worker] DEBUG o.s.t.annotation.ProfileValueUtils - Retrieved @ProfileValueSourceConfiguration [null] for test class [com.maxxton.client.DemoClientServiceApplicationTests]
16:18:16.773 [Test worker] DEBUG o.s.t.annotation.ProfileValueUtils - Retrieved ProfileValueSource type [class org.springframework.test.annotation.SystemProfileValueSource] for class [com.maxxton.client.DemoClientServiceApplicationTests]
16:18:16.929 [Test worker] DEBUG o.s.core.env.StandardEnvironment - Adding [systemProperties] PropertySource with lowest search precedence
16:18:16.930 [Test worker] DEBUG o.s.core.env.StandardEnvironment - Adding [systemEnvironment] PropertySource with lowest search precedence
16:18:16.931 [Test worker] DEBUG o.s.core.env.StandardEnvironment - Initialized StandardEnvironment with PropertySources [systemProperties,systemEnvironment]
16:18:16.932 [Test worker] DEBUG o.s.core.env.StandardEnvironment - Adding [integrationTest] PropertySource with search precedence immediately lower than [systemEnvironment]
2016-03-15 16:18:19.109  INFO 5280 --- [    Test worker] s.c.a.AnnotationConfigApplicationContext : Refreshing org.springframework.context.annotation.AnnotationConfigApplicationContext@2008f933: startup date [Tue Mar 15 16:18:19 CET 2016]; root of context hierarchy
2016-03-15 16:18:19.322  INFO 5280 --- [    Test worker] f.a.AutowiredAnnotationBeanPostProcessor : JSR-330 'javax.inject.Inject' annotation found and supported for autowiring
2016-03-15 16:18:19.344  INFO 5280 --- [    Test worker] trationDelegate$BeanPostProcessorChecker : Bean 'configurationPropertiesRebinderAutoConfiguration' of type [class org.springframework.cloud.autoconfigure.ConfigurationPropertiesRebinderAutoConfiguration$$EnhancerBySpringCGLIB$$aacb604a] is not eligible for getting processed by all BeanPostProcessors (for example: not eligible for auto-proxying)
2016-03-15 16:18:21.443  INFO 5280 --- [    Test worker] o.s.cloud.commons.util.InetUtils         : Cannot determine local hostname

  .   ____          _            __ _ _
 /\\ / ___'_ __ _ _(_)_ __  __ _ \ \ \ \
( ( )\___ | '_ | '_| | '_ \/ _` | \ \ \ \
 \\/  ___)| |_)| | | | | || (_| |  ) ) ) )
  '  |____| .__|_| |_|_| |_\__, | / / / /
 =========|_|==============|___/=/_/_/_/
 :: Spring Boot ::        (v1.3.3.RELEASE)

2016-03-15 16:18:21.495  INFO 5280 --- [    Test worker] c.m.c.DemoClientServiceApplicationTests  : No active profile set, falling back to default profiles: default
2016-03-15 16:18:21.511  INFO 5280 --- [    Test worker] o.s.w.c.s.GenericWebApplicationContext   : Refreshing org.springframework.web.context.support.GenericWebApplicationContext@1cf7d73: startup date [Tue Mar 15 16:18:21 CET 2016]; parent: org.springframework.context.annotation.AnnotationConfigApplicationContext@2008f933
2016-03-15 16:18:22.517  INFO 5280 --- [    Test worker] o.s.b.f.s.DefaultListableBeanFactory     : Overriding bean definition for bean 'beanNameViewResolver' with a different definition: replacing [Root bean: class [null]; scope=; abstract=false; lazyInit=false; autowireMode=3; dependencyCheck=0; autowireCandidate=true; primary=false; factoryBeanName=org.springframework.boot.autoconfigure.web.ErrorMvcAutoConfiguration$WhitelabelErrorViewConfiguration; factoryMethodName=beanNameViewResolver; initMethodName=null; destroyMethodName=(inferred); defined in class path resource [org/springframework/boot/autoconfigure/web/ErrorMvcAutoConfiguration$WhitelabelErrorViewConfiguration.class]] with [Root bean: class [null]; scope=; abstract=false; lazyInit=false; autowireMode=3; dependencyCheck=0; autowireCandidate=true; primary=false; factoryBeanName=org.springframework.boot.autoconfigure.web.WebMvcAutoConfiguration$WebMvcAutoConfigurationAdapter; factoryMethodName=beanNameViewResolver; initMethodName=null; destroyMethodName=(inferred); defined in class path resource [org/springframework/boot/autoconfigure/web/WebMvcAutoConfiguration$WebMvcAutoConfigurationAdapter.class]]
2016-03-15 16:18:22.716  INFO 5280 --- [    Test worker] o.s.cloud.context.scope.GenericScope     : BeanFactory id=830a1408-aa8c-3dec-8937-185a8b1ba4b2
2016-03-15 16:18:22.735  INFO 5280 --- [    Test worker] f.a.AutowiredAnnotationBeanPostProcessor : JSR-330 'javax.inject.Inject' annotation found and supported for autowiring
2016-03-15 16:18:22.759  INFO 5280 --- [    Test worker] trationDelegate$BeanPostProcessorChecker : Bean 'org.springframework.cloud.autoconfigure.ConfigurationPropertiesRebinderAutoConfiguration' of type [class org.springframework.cloud.autoconfigure.ConfigurationPropertiesRebinderAutoConfiguration$$EnhancerBySpringCGLIB$$aacb604a] is not eligible for getting processed by all BeanPostProcessors (for example: not eligible for auto-proxying)
2016-03-15 16:18:22.819  INFO 5280 --- [    Test worker] s.c.a.AnnotationConfigApplicationContext : Refreshing org.springframework.context.annotation.AnnotationConfigApplicationContext@58ad760d: startup date [Tue Mar 15 16:18:22 CET 2016]; parent: org.springframework.web.context.support.GenericWebApplicationContext@1cf7d73
2016-03-15 16:18:22.864  INFO 5280 --- [    Test worker] f.a.AutowiredAnnotationBeanPostProcessor : JSR-330 'javax.inject.Inject' annotation found and supported for autowiring
2016-03-15 16:18:25.603  INFO 5280 --- [    Test worker] o.s.cloud.commons.util.InetUtils         : Cannot determine local hostname
2016-03-15 16:18:26.097  INFO 5280 --- [    Test worker] s.w.s.m.m.a.RequestMappingHandlerAdapter : Looking for @ControllerAdvice: org.springframework.web.context.support.GenericWebApplicationContext@1cf7d73: startup date [Tue Mar 15 16:18:21 CET 2016]; parent: org.springframework.context.annotation.AnnotationConfigApplicationContext@2008f933
2016-03-15 16:18:26.165  INFO 5280 --- [    Test worker] s.w.s.m.m.a.RequestMappingHandlerMapping : Mapped "{[/hello],methods=[GET]}" onto public java.lang.String com.maxxton.client.DemoClientController.hello(java.lang.String)
2016-03-15 16:18:26.169  INFO 5280 --- [    Test worker] s.w.s.m.m.a.RequestMappingHandlerMapping : Mapped "{[/error]}" onto public org.springframework.http.ResponseEntity<java.util.Map<java.lang.String, java.lang.Object>> org.springframework.boot.autoconfigure.web.BasicErrorController.error(javax.servlet.http.HttpServletRequest)
2016-03-15 16:18:26.169  INFO 5280 --- [    Test worker] s.w.s.m.m.a.RequestMappingHandlerMapping : Mapped "{[/error],produces=[text/html]}" onto public org.springframework.web.servlet.ModelAndView org.springframework.boot.autoconfigure.web.BasicErrorController.errorHtml(javax.servlet.http.HttpServletRequest,javax.servlet.http.HttpServletResponse)
2016-03-15 16:18:26.201  INFO 5280 --- [    Test worker] o.s.w.s.handler.SimpleUrlHandlerMapping  : Mapped URL path [/webjars/**] onto handler of type [class org.springframework.web.servlet.resource.ResourceHttpRequestHandler]
2016-03-15 16:18:26.201  INFO 5280 --- [    Test worker] o.s.w.s.handler.SimpleUrlHandlerMapping  : Mapped URL path [/**] onto handler of type [class org.springframework.web.servlet.resource.ResourceHttpRequestHandler]
2016-03-15 16:18:26.250  INFO 5280 --- [    Test worker] o.s.w.s.handler.SimpleUrlHandlerMapping  : Mapped URL path [/**/favicon.ico] onto handler of type [class org.springframework.web.servlet.resource.ResourceHttpRequestHandler]
2016-03-15 16:18:26.687  WARN 5280 --- [    Test worker] c.n.c.sources.URLConfigurationSource     : No URLs will be polled as dynamic configuration sources.
2016-03-15 16:18:26.687  INFO 5280 --- [    Test worker] c.n.c.sources.URLConfigurationSource     : To enable URLs as dynamic configuration sources, define System property archaius.configurationSource.additionalUrls or make config.properties available on classpath.
2016-03-15 16:18:26.700  WARN 5280 --- [    Test worker] c.n.c.sources.URLConfigurationSource     : No URLs will be polled as dynamic configuration sources.
2016-03-15 16:18:26.701  INFO 5280 --- [    Test worker] c.n.c.sources.URLConfigurationSource     : To enable URLs as dynamic configuration sources, define System property archaius.configurationSource.additionalUrls or make config.properties available on classpath.
2016-03-15 16:18:26.976  INFO 5280 --- [    Test worker] o.s.c.support.DefaultLifecycleProcessor  : Starting beans in phase 0
2016-03-15 16:18:26.986  INFO 5280 --- [    Test worker] c.m.c.DemoClientServiceApplicationTests  : Started DemoClientServiceApplicationTests in 10.04 seconds (JVM running for 11.427)
]]></system-out>
  <system-err><![CDATA[]]></system-err>
</testsuite>
