<?xml version="1.0" encoding="UTF-8"?>
<testsuite name="com.maxxton.client.DemoClientServiceApplicationTests" tests="1" skipped="0" failures="0" errors="0" timestamp="2016-03-10T11:03:11" hostname="Maxxton2016-1" time="0.003">
  <properties/>
  <testcase name="contextLoads" classname="com.maxxton.client.DemoClientServiceApplicationTests" time="0.003"/>
  <system-out><![CDATA[12:02:55.958 [Test worker] DEBUG o.s.t.c.j.SpringJUnit4ClassRunner - SpringJUnit4ClassRunner constructor called with [class com.maxxton.client.DemoClientServiceApplicationTests]
12:02:55.975 [Test worker] DEBUG o.s.test.context.BootstrapUtils - Instantiating CacheAwareContextLoaderDelegate from class [org.springframework.test.context.cache.DefaultCacheAwareContextLoaderDelegate]
12:02:55.984 [Test worker] DEBUG o.s.test.context.BootstrapUtils - Instantiating BootstrapContext using constructor [public org.springframework.test.context.support.DefaultBootstrapContext(java.lang.Class,org.springframework.test.context.CacheAwareContextLoaderDelegate)]
12:02:56.016 [Test worker] DEBUG o.s.test.context.BootstrapUtils - Instantiating TestContextBootstrapper for test class [com.maxxton.client.DemoClientServiceApplicationTests] from class [org.springframework.test.context.web.WebTestContextBootstrapper]
12:02:56.040 [Test worker] DEBUG o.s.t.c.w.WebTestContextBootstrapper - Found explicit ContextLoader class [org.springframework.boot.test.SpringApplicationContextLoader] for context configuration attributes [ContextConfigurationAttributes@751cc9bb declaringClass = 'com.maxxton.client.DemoClientServiceApplicationTests', classes = '{class com.maxxton.client.DemoClientServiceApplication}', locations = '{}', inheritLocations = true, initializers = '{}', inheritInitializers = true, name = [null], contextLoaderClass = 'org.springframework.boot.test.SpringApplicationContextLoader']
12:02:56.053 [Test worker] DEBUG o.s.t.c.s.AbstractContextLoader - Did not detect default resource location for test class [com.maxxton.client.DemoClientServiceApplicationTests]: class path resource [com/maxxton/client/DemoClientServiceApplicationTests-context.xml] does not exist
12:02:56.053 [Test worker] DEBUG o.s.t.c.s.AbstractContextLoader - Did not detect default resource location for test class [com.maxxton.client.DemoClientServiceApplicationTests]: class path resource [com/maxxton/client/DemoClientServiceApplicationTestsContext.groovy] does not exist
12:02:56.054 [Test worker] INFO  o.s.t.c.s.AbstractContextLoader - Could not detect default resource locations for test class [com.maxxton.client.DemoClientServiceApplicationTests]: no resource found for suffixes {-context.xml, Context.groovy}.
12:02:56.062 [Test worker] DEBUG o.s.t.c.support.ActiveProfilesUtils - Could not find an 'annotation declaring class' for annotation type [org.springframework.test.context.ActiveProfiles] and class [com.maxxton.client.DemoClientServiceApplicationTests]
12:02:56.066 [Test worker] DEBUG o.s.t.c.w.WebTestContextBootstrapper - @TestExecutionListeners is not present for class [com.maxxton.client.DemoClientServiceApplicationTests]: using defaults.
12:02:56.075 [Test worker] INFO  o.s.t.c.w.WebTestContextBootstrapper - Loaded default TestExecutionListener class names from location [META-INF/spring.factories]: [org.springframework.test.context.web.ServletTestExecutionListener, org.springframework.test.context.support.DirtiesContextBeforeModesTestExecutionListener, org.springframework.test.context.support.DependencyInjectionTestExecutionListener, org.springframework.test.context.support.DirtiesContextTestExecutionListener, org.springframework.test.context.transaction.TransactionalTestExecutionListener, org.springframework.test.context.jdbc.SqlScriptsTestExecutionListener]
12:02:56.086 [Test worker] INFO  o.s.t.c.w.WebTestContextBootstrapper - Could not instantiate TestExecutionListener [org.springframework.test.context.transaction.TransactionalTestExecutionListener]. Specify custom listener classes or make the default listener classes (and their required dependencies) available. Offending class: [org/springframework/transaction/interceptor/TransactionAttributeSource]
12:02:56.087 [Test worker] INFO  o.s.t.c.w.WebTestContextBootstrapper - Could not instantiate TestExecutionListener [org.springframework.test.context.jdbc.SqlScriptsTestExecutionListener]. Specify custom listener classes or make the default listener classes (and their required dependencies) available. Offending class: [org/springframework/transaction/interceptor/TransactionAttribute]
12:02:56.089 [Test worker] INFO  o.s.t.c.w.WebTestContextBootstrapper - Using TestExecutionListeners: [org.springframework.test.context.web.ServletTestExecutionListener@1adea84, org.springframework.test.context.support.DirtiesContextBeforeModesTestExecutionListener@15ce964a, org.springframework.test.context.support.DependencyInjectionTestExecutionListener@74f1fc46, org.springframework.test.context.support.DirtiesContextTestExecutionListener@3d07139c]
12:02:56.093 [Test worker] DEBUG o.s.t.annotation.ProfileValueUtils - Retrieved @ProfileValueSourceConfiguration [null] for test class [com.maxxton.client.DemoClientServiceApplicationTests]
12:02:56.094 [Test worker] DEBUG o.s.t.annotation.ProfileValueUtils - Retrieved ProfileValueSource type [class org.springframework.test.annotation.SystemProfileValueSource] for class [com.maxxton.client.DemoClientServiceApplicationTests]
12:02:56.101 [Test worker] DEBUG o.s.t.annotation.ProfileValueUtils - Retrieved @ProfileValueSourceConfiguration [null] for test class [com.maxxton.client.DemoClientServiceApplicationTests]
12:02:56.101 [Test worker] DEBUG o.s.t.annotation.ProfileValueUtils - Retrieved ProfileValueSource type [class org.springframework.test.annotation.SystemProfileValueSource] for class [com.maxxton.client.DemoClientServiceApplicationTests]
12:02:56.104 [Test worker] DEBUG o.s.t.c.s.AbstractDirtiesContextTestExecutionListener - Before test class: context [DefaultTestContext@6dcd106d testClass = DemoClientServiceApplicationTests, testInstance = [null], testMethod = [null], testException = [null], mergedContextConfiguration = [WebMergedContextConfiguration@7141cff4 testClass = DemoClientServiceApplicationTests, locations = '{}', classes = '{class com.maxxton.client.DemoClientServiceApplication}', contextInitializerClasses = '[]', activeProfiles = '{}', propertySourceLocations = '{}', propertySourceProperties = '{}', resourceBasePath = 'src/main/webapp', contextLoader = 'org.springframework.boot.test.SpringApplicationContextLoader', parent = [null]]], class annotated with @DirtiesContext [false] with mode [null].
12:02:56.106 [Test worker] DEBUG o.s.t.annotation.ProfileValueUtils - Retrieved @ProfileValueSourceConfiguration [null] for test class [com.maxxton.client.DemoClientServiceApplicationTests]
12:02:56.106 [Test worker] DEBUG o.s.t.annotation.ProfileValueUtils - Retrieved ProfileValueSource type [class org.springframework.test.annotation.SystemProfileValueSource] for class [com.maxxton.client.DemoClientServiceApplicationTests]
12:02:56.362 [Test worker] DEBUG o.s.core.env.StandardEnvironment - Adding [systemProperties] PropertySource with lowest search precedence
12:02:56.365 [Test worker] DEBUG o.s.core.env.StandardEnvironment - Adding [systemEnvironment] PropertySource with lowest search precedence
12:02:56.366 [Test worker] DEBUG o.s.core.env.StandardEnvironment - Initialized StandardEnvironment with PropertySources [systemProperties,systemEnvironment]
12:02:56.369 [Test worker] DEBUG o.s.core.env.StandardEnvironment - Adding [integrationTest] PropertySource with search precedence immediately lower than [systemEnvironment]
2016-03-10 12:02:59.413  INFO 16636 --- [    Test worker] o.s.boot.SpringApplication               : Starting application on Maxxton2016-1 with PID 16636 (C:\Users\burgs.m\.gradle\caches\modules-2\files-2.1\org.springframework.boot\spring-boot\1.3.3.RELEASE\641cc375499d444e4efbc1801902260daa79758d\spring-boot-1.3.3.RELEASE.jar started by burgs.m in C:\Users\burgs.m\Documents\microservice\demo-client-service)
2016-03-10 12:02:59.415  INFO 16636 --- [    Test worker] o.s.boot.SpringApplication               : No active profile set, falling back to default profiles: default
2016-03-10 12:02:59.460  INFO 16636 --- [    Test worker] s.c.a.AnnotationConfigApplicationContext : Refreshing org.springframework.context.annotation.AnnotationConfigApplicationContext@2008f933: startup date [Thu Mar 10 12:02:59 CET 2016]; root of context hierarchy
2016-03-10 12:02:59.724  INFO 16636 --- [    Test worker] f.a.AutowiredAnnotationBeanPostProcessor : JSR-330 'javax.inject.Inject' annotation found and supported for autowiring
2016-03-10 12:02:59.747  INFO 16636 --- [    Test worker] trationDelegate$BeanPostProcessorChecker : Bean 'configurationPropertiesRebinderAutoConfiguration' of type [class org.springframework.cloud.autoconfigure.ConfigurationPropertiesRebinderAutoConfiguration$$EnhancerBySpringCGLIB$$6627eff4] is not eligible for getting processed by all BeanPostProcessors (for example: not eligible for auto-proxying)
2016-03-10 12:03:00.101  INFO 16636 --- [    Test worker] o.s.boot.SpringApplication               : Started application in 3.495 seconds (JVM running for 5.431)
2016-03-10 12:03:02.033  INFO 16636 --- [    Test worker] o.s.cloud.commons.util.InetUtils         : Cannot determine local hostname

  .   ____          _            __ _ _
 /\\ / ___'_ __ _ _(_)_ __  __ _ \ \ \ \
( ( )\___ | '_ | '_| | '_ \/ _` | \ \ \ \
 \\/  ___)| |_)| | | | | || (_| |  ) ) ) )
  '  |____| .__|_| |_|_| |_\__, | / / / /
 =========|_|==============|___/=/_/_/_/
 :: Spring Boot ::        (v1.3.3.RELEASE)

2016-03-10 12:03:02.099  INFO 16636 --- [    Test worker] c.m.c.DemoClientServiceApplicationTests  : No active profile set, falling back to default profiles: default
2016-03-10 12:03:02.115  INFO 16636 --- [    Test worker] o.s.w.c.s.GenericWebApplicationContext   : Refreshing org.springframework.web.context.support.GenericWebApplicationContext@4a5768f9: startup date [Thu Mar 10 12:03:02 CET 2016]; parent: org.springframework.context.annotation.AnnotationConfigApplicationContext@2008f933
2016-03-10 12:03:04.080  INFO 16636 --- [    Test worker] o.s.b.f.s.DefaultListableBeanFactory     : Overriding bean definition for bean 'beanNameViewResolver' with a different definition: replacing [Root bean: class [null]; scope=; abstract=false; lazyInit=false; autowireMode=3; dependencyCheck=0; autowireCandidate=true; primary=false; factoryBeanName=org.springframework.boot.autoconfigure.web.ErrorMvcAutoConfiguration$WhitelabelErrorViewConfiguration; factoryMethodName=beanNameViewResolver; initMethodName=null; destroyMethodName=(inferred); defined in class path resource [org/springframework/boot/autoconfigure/web/ErrorMvcAutoConfiguration$WhitelabelErrorViewConfiguration.class]] with [Root bean: class [null]; scope=; abstract=false; lazyInit=false; autowireMode=3; dependencyCheck=0; autowireCandidate=true; primary=false; factoryBeanName=org.springframework.boot.autoconfigure.web.WebMvcAutoConfiguration$WebMvcAutoConfigurationAdapter; factoryMethodName=beanNameViewResolver; initMethodName=null; destroyMethodName=(inferred); defined in class path resource [org/springframework/boot/autoconfigure/web/WebMvcAutoConfiguration$WebMvcAutoConfigurationAdapter.class]]
2016-03-10 12:03:04.557  INFO 16636 --- [    Test worker] o.s.cloud.context.scope.GenericScope     : BeanFactory id=f511a3ca-9d73-3658-bd7b-d253bf413523
2016-03-10 12:03:04.574  INFO 16636 --- [    Test worker] f.a.AutowiredAnnotationBeanPostProcessor : JSR-330 'javax.inject.Inject' annotation found and supported for autowiring
2016-03-10 12:03:04.593  INFO 16636 --- [    Test worker] trationDelegate$BeanPostProcessorChecker : Bean 'org.springframework.cloud.autoconfigure.ConfigurationPropertiesRebinderAutoConfiguration' of type [class org.springframework.cloud.autoconfigure.ConfigurationPropertiesRebinderAutoConfiguration$$EnhancerBySpringCGLIB$$6627eff4] is not eligible for getting processed by all BeanPostProcessors (for example: not eligible for auto-proxying)
2016-03-10 12:03:04.735  INFO 16636 --- [    Test worker] s.c.a.AnnotationConfigApplicationContext : Refreshing org.springframework.context.annotation.AnnotationConfigApplicationContext@6f3f8cb6: startup date [Thu Mar 10 12:03:04 CET 2016]; parent: org.springframework.web.context.support.GenericWebApplicationContext@4a5768f9
2016-03-10 12:03:04.803  INFO 16636 --- [    Test worker] f.a.AutowiredAnnotationBeanPostProcessor : JSR-330 'javax.inject.Inject' annotation found and supported for autowiring
2016-03-10 12:03:07.106  INFO 16636 --- [    Test worker] o.s.cloud.commons.util.InetUtils         : Cannot determine local hostname
2016-03-10 12:03:08.222  INFO 16636 --- [    Test worker] s.w.s.m.m.a.RequestMappingHandlerAdapter : Looking for @ControllerAdvice: org.springframework.web.context.support.GenericWebApplicationContext@4a5768f9: startup date [Thu Mar 10 12:03:02 CET 2016]; parent: org.springframework.context.annotation.AnnotationConfigApplicationContext@2008f933
2016-03-10 12:03:08.373  INFO 16636 --- [    Test worker] s.w.s.m.m.a.RequestMappingHandlerMapping : Mapped "{[/hello],methods=[GET]}" onto public java.lang.String com.maxxton.client.DemoClientController.hello(java.lang.String)
2016-03-10 12:03:08.433  INFO 16636 --- [    Test worker] s.w.s.m.m.a.RequestMappingHandlerMapping : Mapped "{[/error]}" onto public org.springframework.http.ResponseEntity<java.util.Map<java.lang.String, java.lang.Object>> org.springframework.boot.autoconfigure.web.BasicErrorController.error(javax.servlet.http.HttpServletRequest)
2016-03-10 12:03:08.435  INFO 16636 --- [    Test worker] s.w.s.m.m.a.RequestMappingHandlerMapping : Mapped "{[/error],produces=[text/html]}" onto public org.springframework.web.servlet.ModelAndView org.springframework.boot.autoconfigure.web.BasicErrorController.errorHtml(javax.servlet.http.HttpServletRequest,javax.servlet.http.HttpServletResponse)
2016-03-10 12:03:08.540  INFO 16636 --- [    Test worker] o.s.w.s.handler.SimpleUrlHandlerMapping  : Mapped URL path [/webjars/**] onto handler of type [class org.springframework.web.servlet.resource.ResourceHttpRequestHandler]
2016-03-10 12:03:08.541  INFO 16636 --- [    Test worker] o.s.w.s.handler.SimpleUrlHandlerMapping  : Mapped URL path [/**] onto handler of type [class org.springframework.web.servlet.resource.ResourceHttpRequestHandler]
2016-03-10 12:03:08.732  INFO 16636 --- [    Test worker] o.s.w.s.handler.SimpleUrlHandlerMapping  : Mapped URL path [/**/favicon.ico] onto handler of type [class org.springframework.web.servlet.resource.ResourceHttpRequestHandler]
2016-03-10 12:03:09.508  WARN 16636 --- [    Test worker] c.n.c.sources.URLConfigurationSource     : No URLs will be polled as dynamic configuration sources.
2016-03-10 12:03:09.516  INFO 16636 --- [    Test worker] c.n.c.sources.URLConfigurationSource     : To enable URLs as dynamic configuration sources, define System property archaius.configurationSource.additionalUrls or make config.properties available on classpath.
2016-03-10 12:03:09.525  WARN 16636 --- [    Test worker] c.n.c.sources.URLConfigurationSource     : No URLs will be polled as dynamic configuration sources.
2016-03-10 12:03:09.526  INFO 16636 --- [    Test worker] c.n.c.sources.URLConfigurationSource     : To enable URLs as dynamic configuration sources, define System property archaius.configurationSource.additionalUrls or make config.properties available on classpath.
2016-03-10 12:03:11.403  INFO 16636 --- [    Test worker] o.s.c.support.DefaultLifecycleProcessor  : Starting beans in phase 0
2016-03-10 12:03:11.446  INFO 16636 --- [    Test worker] c.m.c.DemoClientServiceApplicationTests  : Started DemoClientServiceApplicationTests in 14.995 seconds (JVM running for 16.772)
]]></system-out>
  <system-err><![CDATA[]]></system-err>
</testsuite>
