<?xml version="1.0" encoding="UTF-8"?>
<testsuite name="com.maxxton.client.DemoClientServiceApplicationTests" tests="1" skipped="0" failures="0" errors="0" timestamp="2016-03-08T14:13:48" hostname="Maxxton2016-1" time="0.002">
  <properties/>
  <testcase name="contextLoads" classname="com.maxxton.client.DemoClientServiceApplicationTests" time="0.002"/>
  <system-out><![CDATA[15:13:39.900 [Test worker] DEBUG o.s.t.c.j.SpringJUnit4ClassRunner - SpringJUnit4ClassRunner constructor called with [class com.maxxton.client.DemoClientServiceApplicationTests]
15:13:39.907 [Test worker] DEBUG o.s.test.context.BootstrapUtils - Instantiating CacheAwareContextLoaderDelegate from class [org.springframework.test.context.cache.DefaultCacheAwareContextLoaderDelegate]
15:13:39.916 [Test worker] DEBUG o.s.test.context.BootstrapUtils - Instantiating BootstrapContext using constructor [public org.springframework.test.context.support.DefaultBootstrapContext(java.lang.Class,org.springframework.test.context.CacheAwareContextLoaderDelegate)]
15:13:39.928 [Test worker] DEBUG o.s.test.context.BootstrapUtils - Instantiating TestContextBootstrapper for test class [com.maxxton.client.DemoClientServiceApplicationTests] from class [org.springframework.test.context.web.WebTestContextBootstrapper]
15:13:39.949 [Test worker] DEBUG o.s.t.c.w.WebTestContextBootstrapper - Found explicit ContextLoader class [org.springframework.boot.test.SpringApplicationContextLoader] for context configuration attributes [ContextConfigurationAttributes@1e07dd97 declaringClass = 'com.maxxton.client.DemoClientServiceApplicationTests', classes = '{class com.maxxton.client.DemoClientServiceApplication}', locations = '{}', inheritLocations = true, initializers = '{}', inheritInitializers = true, name = [null], contextLoaderClass = 'org.springframework.boot.test.SpringApplicationContextLoader']
15:13:39.961 [Test worker] DEBUG o.s.t.c.s.AbstractContextLoader - Did not detect default resource location for test class [com.maxxton.client.DemoClientServiceApplicationTests]: class path resource [com/maxxton/client/DemoClientServiceApplicationTests-context.xml] does not exist
15:13:39.961 [Test worker] DEBUG o.s.t.c.s.AbstractContextLoader - Did not detect default resource location for test class [com.maxxton.client.DemoClientServiceApplicationTests]: class path resource [com/maxxton/client/DemoClientServiceApplicationTestsContext.groovy] does not exist
15:13:39.962 [Test worker] INFO  o.s.t.c.s.AbstractContextLoader - Could not detect default resource locations for test class [com.maxxton.client.DemoClientServiceApplicationTests]: no resource found for suffixes {-context.xml, Context.groovy}.
15:13:39.965 [Test worker] DEBUG o.s.t.c.support.ActiveProfilesUtils - Could not find an 'annotation declaring class' for annotation type [org.springframework.test.context.ActiveProfiles] and class [com.maxxton.client.DemoClientServiceApplicationTests]
15:13:39.971 [Test worker] DEBUG o.s.t.c.w.WebTestContextBootstrapper - @TestExecutionListeners is not present for class [com.maxxton.client.DemoClientServiceApplicationTests]: using defaults.
15:13:39.983 [Test worker] INFO  o.s.t.c.w.WebTestContextBootstrapper - Loaded default TestExecutionListener class names from location [META-INF/spring.factories]: [org.springframework.test.context.web.ServletTestExecutionListener, org.springframework.test.context.support.DirtiesContextBeforeModesTestExecutionListener, org.springframework.test.context.support.DependencyInjectionTestExecutionListener, org.springframework.test.context.support.DirtiesContextTestExecutionListener, org.springframework.test.context.transaction.TransactionalTestExecutionListener, org.springframework.test.context.jdbc.SqlScriptsTestExecutionListener]
15:13:39.987 [Test worker] INFO  o.s.t.c.w.WebTestContextBootstrapper - Could not instantiate TestExecutionListener [org.springframework.test.context.transaction.TransactionalTestExecutionListener]. Specify custom listener classes or make the default listener classes (and their required dependencies) available. Offending class: [org/springframework/transaction/interceptor/TransactionAttributeSource]
15:13:39.988 [Test worker] INFO  o.s.t.c.w.WebTestContextBootstrapper - Could not instantiate TestExecutionListener [org.springframework.test.context.jdbc.SqlScriptsTestExecutionListener]. Specify custom listener classes or make the default listener classes (and their required dependencies) available. Offending class: [org/springframework/transaction/interceptor/TransactionAttribute]
15:13:39.998 [Test worker] INFO  o.s.t.c.w.WebTestContextBootstrapper - Using TestExecutionListeners: [org.springframework.test.context.web.ServletTestExecutionListener@428af7f0, org.springframework.test.context.support.DirtiesContextBeforeModesTestExecutionListener@3ca5736e, org.springframework.test.context.support.DependencyInjectionTestExecutionListener@4ff2528f, org.springframework.test.context.support.DirtiesContextTestExecutionListener@1e55ddf8]
15:13:40.001 [Test worker] DEBUG o.s.t.annotation.ProfileValueUtils - Retrieved @ProfileValueSourceConfiguration [null] for test class [com.maxxton.client.DemoClientServiceApplicationTests]
15:13:40.002 [Test worker] DEBUG o.s.t.annotation.ProfileValueUtils - Retrieved ProfileValueSource type [class org.springframework.test.annotation.SystemProfileValueSource] for class [com.maxxton.client.DemoClientServiceApplicationTests]
15:13:40.003 [Test worker] DEBUG o.s.t.annotation.ProfileValueUtils - Retrieved @ProfileValueSourceConfiguration [null] for test class [com.maxxton.client.DemoClientServiceApplicationTests]
15:13:40.003 [Test worker] DEBUG o.s.t.annotation.ProfileValueUtils - Retrieved ProfileValueSource type [class org.springframework.test.annotation.SystemProfileValueSource] for class [com.maxxton.client.DemoClientServiceApplicationTests]
15:13:40.006 [Test worker] DEBUG o.s.t.c.s.AbstractDirtiesContextTestExecutionListener - Before test class: context [DefaultTestContext@6ffb82db testClass = DemoClientServiceApplicationTests, testInstance = [null], testMethod = [null], testException = [null], mergedContextConfiguration = [WebMergedContextConfiguration@7ff0237a testClass = DemoClientServiceApplicationTests, locations = '{}', classes = '{class com.maxxton.client.DemoClientServiceApplication}', contextInitializerClasses = '[]', activeProfiles = '{}', propertySourceLocations = '{}', propertySourceProperties = '{}', resourceBasePath = 'src/main/webapp', contextLoader = 'org.springframework.boot.test.SpringApplicationContextLoader', parent = [null]]], class annotated with @DirtiesContext [false] with mode [null].
15:13:40.007 [Test worker] DEBUG o.s.t.annotation.ProfileValueUtils - Retrieved @ProfileValueSourceConfiguration [null] for test class [com.maxxton.client.DemoClientServiceApplicationTests]
15:13:40.007 [Test worker] DEBUG o.s.t.annotation.ProfileValueUtils - Retrieved ProfileValueSource type [class org.springframework.test.annotation.SystemProfileValueSource] for class [com.maxxton.client.DemoClientServiceApplicationTests]
15:13:40.089 [Test worker] DEBUG o.s.core.env.StandardEnvironment - Adding [systemProperties] PropertySource with lowest search precedence
15:13:40.091 [Test worker] DEBUG o.s.core.env.StandardEnvironment - Adding [systemEnvironment] PropertySource with lowest search precedence
15:13:40.091 [Test worker] DEBUG o.s.core.env.StandardEnvironment - Initialized StandardEnvironment with PropertySources [systemProperties,systemEnvironment]
15:13:40.093 [Test worker] DEBUG o.s.core.env.StandardEnvironment - Adding [integrationTest] PropertySource with search precedence immediately lower than [systemEnvironment]
2016-03-08 15:13:42.403  INFO 6028 --- [    Test worker] o.s.boot.SpringApplication               : Starting application on Maxxton2016-1 with PID 6028 (C:\Users\burgs.m\.gradle\caches\modules-2\files-2.1\org.springframework.boot\spring-boot\1.3.3.RELEASE\641cc375499d444e4efbc1801902260daa79758d\spring-boot-1.3.3.RELEASE.jar started by burgs.m in C:\Users\burgs.m\Documents\microservice\demo-client-service)
2016-03-08 15:13:42.405  INFO 6028 --- [    Test worker] o.s.boot.SpringApplication               : No active profile set, falling back to default profiles: default
2016-03-08 15:13:42.439  INFO 6028 --- [    Test worker] s.c.a.AnnotationConfigApplicationContext : Refreshing org.springframework.context.annotation.AnnotationConfigApplicationContext@4021e841: startup date [Tue Mar 08 15:13:42 CET 2016]; root of context hierarchy
2016-03-08 15:13:42.641  INFO 6028 --- [    Test worker] f.a.AutowiredAnnotationBeanPostProcessor : JSR-330 'javax.inject.Inject' annotation found and supported for autowiring
2016-03-08 15:13:42.667  INFO 6028 --- [    Test worker] trationDelegate$BeanPostProcessorChecker : Bean 'configurationPropertiesRebinderAutoConfiguration' of type [class org.springframework.cloud.autoconfigure.ConfigurationPropertiesRebinderAutoConfiguration$$EnhancerBySpringCGLIB$$f7d5bcd9] is not eligible for getting processed by all BeanPostProcessors (for example: not eligible for auto-proxying)
2016-03-08 15:13:42.916  INFO 6028 --- [    Test worker] o.s.boot.SpringApplication               : Started application in 2.699 seconds (JVM running for 3.861)
2016-03-08 15:13:44.574  INFO 6028 --- [    Test worker] o.s.cloud.commons.util.InetUtils         : Cannot determine local hostname

  .   ____          _            __ _ _
 /\\ / ___'_ __ _ _(_)_ __  __ _ \ \ \ \
( ( )\___ | '_ | '_| | '_ \/ _` | \ \ \ \
 \\/  ___)| |_)| | | | | || (_| |  ) ) ) )
  '  |____| .__|_| |_|_| |_\__, | / / / /
 =========|_|==============|___/=/_/_/_/
 :: Spring Boot ::        (v1.3.3.RELEASE)

2016-03-08 15:13:44.638  INFO 6028 --- [    Test worker] c.m.c.DemoClientServiceApplicationTests  : No active profile set, falling back to default profiles: default
2016-03-08 15:13:44.657  INFO 6028 --- [    Test worker] o.s.w.c.s.GenericWebApplicationContext   : Refreshing org.springframework.web.context.support.GenericWebApplicationContext@713dd8fb: startup date [Tue Mar 08 15:13:44 CET 2016]; parent: org.springframework.context.annotation.AnnotationConfigApplicationContext@4021e841
2016-03-08 15:13:45.426  INFO 6028 --- [    Test worker] o.s.b.f.s.DefaultListableBeanFactory     : Overriding bean definition for bean 'beanNameViewResolver' with a different definition: replacing [Root bean: class [null]; scope=; abstract=false; lazyInit=false; autowireMode=3; dependencyCheck=0; autowireCandidate=true; primary=false; factoryBeanName=org.springframework.boot.autoconfigure.web.ErrorMvcAutoConfiguration$WhitelabelErrorViewConfiguration; factoryMethodName=beanNameViewResolver; initMethodName=null; destroyMethodName=(inferred); defined in class path resource [org/springframework/boot/autoconfigure/web/ErrorMvcAutoConfiguration$WhitelabelErrorViewConfiguration.class]] with [Root bean: class [null]; scope=; abstract=false; lazyInit=false; autowireMode=3; dependencyCheck=0; autowireCandidate=true; primary=false; factoryBeanName=org.springframework.boot.autoconfigure.web.WebMvcAutoConfiguration$WebMvcAutoConfigurationAdapter; factoryMethodName=beanNameViewResolver; initMethodName=null; destroyMethodName=(inferred); defined in class path resource [org/springframework/boot/autoconfigure/web/WebMvcAutoConfiguration$WebMvcAutoConfigurationAdapter.class]]
2016-03-08 15:13:45.609  INFO 6028 --- [    Test worker] o.s.cloud.context.scope.GenericScope     : BeanFactory id=ff4b79fc-bf85-3424-a146-0460405e03fa
2016-03-08 15:13:45.622  INFO 6028 --- [    Test worker] f.a.AutowiredAnnotationBeanPostProcessor : JSR-330 'javax.inject.Inject' annotation found and supported for autowiring
2016-03-08 15:13:45.636  INFO 6028 --- [    Test worker] trationDelegate$BeanPostProcessorChecker : Bean 'org.springframework.cloud.autoconfigure.ConfigurationPropertiesRebinderAutoConfiguration' of type [class org.springframework.cloud.autoconfigure.ConfigurationPropertiesRebinderAutoConfiguration$$EnhancerBySpringCGLIB$$f7d5bcd9] is not eligible for getting processed by all BeanPostProcessors (for example: not eligible for auto-proxying)
2016-03-08 15:13:45.697  INFO 6028 --- [    Test worker] s.c.a.AnnotationConfigApplicationContext : Refreshing org.springframework.context.annotation.AnnotationConfigApplicationContext@7170989e: startup date [Tue Mar 08 15:13:45 CET 2016]; parent: org.springframework.web.context.support.GenericWebApplicationContext@713dd8fb
2016-03-08 15:13:45.718  INFO 6028 --- [    Test worker] f.a.AutowiredAnnotationBeanPostProcessor : JSR-330 'javax.inject.Inject' annotation found and supported for autowiring
2016-03-08 15:13:47.741  INFO 6028 --- [    Test worker] o.s.cloud.commons.util.InetUtils         : Cannot determine local hostname
2016-03-08 15:13:48.206  INFO 6028 --- [    Test worker] s.w.s.m.m.a.RequestMappingHandlerAdapter : Looking for @ControllerAdvice: org.springframework.web.context.support.GenericWebApplicationContext@713dd8fb: startup date [Tue Mar 08 15:13:44 CET 2016]; parent: org.springframework.context.annotation.AnnotationConfigApplicationContext@4021e841
2016-03-08 15:13:48.270  INFO 6028 --- [    Test worker] s.w.s.m.m.a.RequestMappingHandlerMapping : Mapped "{[/hello],methods=[GET]}" onto public java.lang.String com.maxxton.client.DemoClientController.hello(java.lang.String)
2016-03-08 15:13:48.278  INFO 6028 --- [    Test worker] s.w.s.m.m.a.RequestMappingHandlerMapping : Mapped "{[/error]}" onto public org.springframework.http.ResponseEntity<java.util.Map<java.lang.String, java.lang.Object>> org.springframework.boot.autoconfigure.web.BasicErrorController.error(javax.servlet.http.HttpServletRequest)
2016-03-08 15:13:48.278  INFO 6028 --- [    Test worker] s.w.s.m.m.a.RequestMappingHandlerMapping : Mapped "{[/error],produces=[text/html]}" onto public org.springframework.web.servlet.ModelAndView org.springframework.boot.autoconfigure.web.BasicErrorController.errorHtml(javax.servlet.http.HttpServletRequest,javax.servlet.http.HttpServletResponse)
2016-03-08 15:13:48.319  INFO 6028 --- [    Test worker] o.s.w.s.handler.SimpleUrlHandlerMapping  : Mapped URL path [/webjars/**] onto handler of type [class org.springframework.web.servlet.resource.ResourceHttpRequestHandler]
2016-03-08 15:13:48.319  INFO 6028 --- [    Test worker] o.s.w.s.handler.SimpleUrlHandlerMapping  : Mapped URL path [/**] onto handler of type [class org.springframework.web.servlet.resource.ResourceHttpRequestHandler]
2016-03-08 15:13:48.361  INFO 6028 --- [    Test worker] o.s.w.s.handler.SimpleUrlHandlerMapping  : Mapped URL path [/**/favicon.ico] onto handler of type [class org.springframework.web.servlet.resource.ResourceHttpRequestHandler]
2016-03-08 15:13:48.590  WARN 6028 --- [    Test worker] c.n.c.sources.URLConfigurationSource     : No URLs will be polled as dynamic configuration sources.
2016-03-08 15:13:48.591  INFO 6028 --- [    Test worker] c.n.c.sources.URLConfigurationSource     : To enable URLs as dynamic configuration sources, define System property archaius.configurationSource.additionalUrls or make config.properties available on classpath.
2016-03-08 15:13:48.599  WARN 6028 --- [    Test worker] c.n.c.sources.URLConfigurationSource     : No URLs will be polled as dynamic configuration sources.
2016-03-08 15:13:48.600  INFO 6028 --- [    Test worker] c.n.c.sources.URLConfigurationSource     : To enable URLs as dynamic configuration sources, define System property archaius.configurationSource.additionalUrls or make config.properties available on classpath.
2016-03-08 15:13:48.796  INFO 6028 --- [    Test worker] o.s.c.support.DefaultLifecycleProcessor  : Starting beans in phase 0
2016-03-08 15:13:48.806  INFO 6028 --- [    Test worker] c.m.c.DemoClientServiceApplicationTests  : Started DemoClientServiceApplicationTests in 8.701 seconds (JVM running for 9.751)
]]></system-out>
  <system-err><![CDATA[]]></system-err>
</testsuite>
