<?xml version="1.0" encoding="UTF-8"?>
<testsuite name="com.maxxton.client.DemoClientServiceApplicationTests" tests="1" skipped="0" failures="0" errors="0" timestamp="2016-03-22T14:56:01" hostname="Maxxton2016-1" time="0.002">
  <properties/>
  <testcase name="contextLoads" classname="com.maxxton.client.DemoClientServiceApplicationTests" time="0.002"/>
  <system-out><![CDATA[15:55:52.810 [Test worker] DEBUG o.s.t.c.j.SpringJUnit4ClassRunner - SpringJUnit4ClassRunner constructor called with [class com.maxxton.client.DemoClientServiceApplicationTests]
15:55:52.816 [Test worker] DEBUG o.s.test.context.BootstrapUtils - Instantiating CacheAwareContextLoaderDelegate from class [org.springframework.test.context.cache.DefaultCacheAwareContextLoaderDelegate]
15:55:52.823 [Test worker] DEBUG o.s.test.context.BootstrapUtils - Instantiating BootstrapContext using constructor [public org.springframework.test.context.support.DefaultBootstrapContext(java.lang.Class,org.springframework.test.context.CacheAwareContextLoaderDelegate)]
15:55:52.836 [Test worker] DEBUG o.s.test.context.BootstrapUtils - Instantiating TestContextBootstrapper for test class [com.maxxton.client.DemoClientServiceApplicationTests] from class [org.springframework.test.context.web.WebTestContextBootstrapper]
15:55:52.859 [Test worker] DEBUG o.s.t.c.w.WebTestContextBootstrapper - Found explicit ContextLoader class [org.springframework.boot.test.SpringApplicationContextLoader] for context configuration attributes [ContextConfigurationAttributes@751cc9bb declaringClass = 'com.maxxton.client.DemoClientServiceApplicationTests', classes = '{class com.maxxton.client.DemoClientServiceApplication}', locations = '{}', inheritLocations = true, initializers = '{}', inheritInitializers = true, name = [null], contextLoaderClass = 'org.springframework.boot.test.SpringApplicationContextLoader']
15:55:52.872 [Test worker] DEBUG o.s.t.c.s.AbstractContextLoader - Did not detect default resource location for test class [com.maxxton.client.DemoClientServiceApplicationTests]: class path resource [com/maxxton/client/DemoClientServiceApplicationTests-context.xml] does not exist
15:55:52.873 [Test worker] DEBUG o.s.t.c.s.AbstractContextLoader - Did not detect default resource location for test class [com.maxxton.client.DemoClientServiceApplicationTests]: class path resource [com/maxxton/client/DemoClientServiceApplicationTestsContext.groovy] does not exist
15:55:52.874 [Test worker] INFO  o.s.t.c.s.AbstractContextLoader - Could not detect default resource locations for test class [com.maxxton.client.DemoClientServiceApplicationTests]: no resource found for suffixes {-context.xml, Context.groovy}.
15:55:52.878 [Test worker] DEBUG o.s.t.c.support.ActiveProfilesUtils - Could not find an 'annotation declaring class' for annotation type [org.springframework.test.context.ActiveProfiles] and class [com.maxxton.client.DemoClientServiceApplicationTests]
15:55:52.882 [Test worker] DEBUG o.s.t.c.w.WebTestContextBootstrapper - @TestExecutionListeners is not present for class [com.maxxton.client.DemoClientServiceApplicationTests]: using defaults.
15:55:52.893 [Test worker] INFO  o.s.t.c.w.WebTestContextBootstrapper - Loaded default TestExecutionListener class names from location [META-INF/spring.factories]: [org.springframework.test.context.web.ServletTestExecutionListener, org.springframework.test.context.support.DirtiesContextBeforeModesTestExecutionListener, org.springframework.test.context.support.DependencyInjectionTestExecutionListener, org.springframework.test.context.support.DirtiesContextTestExecutionListener, org.springframework.test.context.transaction.TransactionalTestExecutionListener, org.springframework.test.context.jdbc.SqlScriptsTestExecutionListener]
15:55:52.906 [Test worker] INFO  o.s.t.c.w.WebTestContextBootstrapper - Could not instantiate TestExecutionListener [org.springframework.test.context.transaction.TransactionalTestExecutionListener]. Specify custom listener classes or make the default listener classes (and their required dependencies) available. Offending class: [org/springframework/transaction/interceptor/TransactionAttributeSource]
15:55:52.906 [Test worker] INFO  o.s.t.c.w.WebTestContextBootstrapper - Could not instantiate TestExecutionListener [org.springframework.test.context.jdbc.SqlScriptsTestExecutionListener]. Specify custom listener classes or make the default listener classes (and their required dependencies) available. Offending class: [org/springframework/transaction/interceptor/TransactionAttribute]
15:55:52.908 [Test worker] INFO  o.s.t.c.w.WebTestContextBootstrapper - Using TestExecutionListeners: [org.springframework.test.context.web.ServletTestExecutionListener@1adea84, org.springframework.test.context.support.DirtiesContextBeforeModesTestExecutionListener@15ce964a, org.springframework.test.context.support.DependencyInjectionTestExecutionListener@74f1fc46, org.springframework.test.context.support.DirtiesContextTestExecutionListener@3d07139c]
15:55:52.913 [Test worker] DEBUG o.s.t.annotation.ProfileValueUtils - Retrieved @ProfileValueSourceConfiguration [null] for test class [com.maxxton.client.DemoClientServiceApplicationTests]
15:55:52.914 [Test worker] DEBUG o.s.t.annotation.ProfileValueUtils - Retrieved ProfileValueSource type [class org.springframework.test.annotation.SystemProfileValueSource] for class [com.maxxton.client.DemoClientServiceApplicationTests]
15:55:52.915 [Test worker] DEBUG o.s.t.annotation.ProfileValueUtils - Retrieved @ProfileValueSourceConfiguration [null] for test class [com.maxxton.client.DemoClientServiceApplicationTests]
15:55:52.915 [Test worker] DEBUG o.s.t.annotation.ProfileValueUtils - Retrieved ProfileValueSource type [class org.springframework.test.annotation.SystemProfileValueSource] for class [com.maxxton.client.DemoClientServiceApplicationTests]
15:55:52.918 [Test worker] DEBUG o.s.t.c.s.AbstractDirtiesContextTestExecutionListener - Before test class: context [DefaultTestContext@6dcd106d testClass = DemoClientServiceApplicationTests, testInstance = [null], testMethod = [null], testException = [null], mergedContextConfiguration = [WebMergedContextConfiguration@7141cff4 testClass = DemoClientServiceApplicationTests, locations = '{}', classes = '{class com.maxxton.client.DemoClientServiceApplication}', contextInitializerClasses = '[]', activeProfiles = '{}', propertySourceLocations = '{}', propertySourceProperties = '{}', resourceBasePath = 'src/main/webapp', contextLoader = 'org.springframework.boot.test.SpringApplicationContextLoader', parent = [null]]], class annotated with @DirtiesContext [false] with mode [null].
15:55:52.920 [Test worker] DEBUG o.s.t.annotation.ProfileValueUtils - Retrieved @ProfileValueSourceConfiguration [null] for test class [com.maxxton.client.DemoClientServiceApplicationTests]
15:55:52.920 [Test worker] DEBUG o.s.t.annotation.ProfileValueUtils - Retrieved ProfileValueSource type [class org.springframework.test.annotation.SystemProfileValueSource] for class [com.maxxton.client.DemoClientServiceApplicationTests]
15:55:53.065 [Test worker] DEBUG o.s.core.env.StandardEnvironment - Adding [systemProperties] PropertySource with lowest search precedence
15:55:53.067 [Test worker] DEBUG o.s.core.env.StandardEnvironment - Adding [systemEnvironment] PropertySource with lowest search precedence
15:55:53.070 [Test worker] DEBUG o.s.core.env.StandardEnvironment - Initialized StandardEnvironment with PropertySources [systemProperties,systemEnvironment]
15:55:53.074 [Test worker] DEBUG o.s.core.env.StandardEnvironment - Adding [integrationTest] PropertySource with search precedence immediately lower than [systemEnvironment]
2016-03-22 15:55:54.829  INFO 5468 --- [    Test worker] s.c.a.AnnotationConfigApplicationContext : Refreshing org.springframework.context.annotation.AnnotationConfigApplicationContext@2008f933: startup date [Tue Mar 22 15:55:54 CET 2016]; root of context hierarchy
2016-03-22 15:55:55.015  INFO 5468 --- [    Test worker] f.a.AutowiredAnnotationBeanPostProcessor : JSR-330 'javax.inject.Inject' annotation found and supported for autowiring
2016-03-22 15:55:55.036  INFO 5468 --- [    Test worker] trationDelegate$BeanPostProcessorChecker : Bean 'configurationPropertiesRebinderAutoConfiguration' of type [class org.springframework.cloud.autoconfigure.ConfigurationPropertiesRebinderAutoConfiguration$$EnhancerBySpringCGLIB$$aacb604a] is not eligible for getting processed by all BeanPostProcessors (for example: not eligible for auto-proxying)
2016-03-22 15:55:56.365  INFO 5468 --- [    Test worker] o.s.cloud.commons.util.InetUtils         : Cannot determine local hostname

  .   ____          _            __ _ _
 /\\ / ___'_ __ _ _(_)_ __  __ _ \ \ \ \
( ( )\___ | '_ | '_| | '_ \/ _` | \ \ \ \
 \\/  ___)| |_)| | | | | || (_| |  ) ) ) )
  '  |____| .__|_| |_|_| |_\__, | / / / /
 =========|_|==============|___/=/_/_/_/
 :: Spring Boot ::        (v1.3.3.RELEASE)

2016-03-22 15:55:56.403  INFO 5468 --- [    Test worker] c.m.c.DemoClientServiceApplicationTests  : No active profile set, falling back to default profiles: default
2016-03-22 15:55:56.422  INFO 5468 --- [    Test worker] o.s.w.c.s.GenericWebApplicationContext   : Refreshing org.springframework.web.context.support.GenericWebApplicationContext@1cf7d73: startup date [Tue Mar 22 15:55:56 CET 2016]; parent: org.springframework.context.annotation.AnnotationConfigApplicationContext@2008f933
2016-03-22 15:55:57.302  INFO 5468 --- [    Test worker] o.s.b.f.s.DefaultListableBeanFactory     : Overriding bean definition for bean 'beanNameViewResolver' with a different definition: replacing [Root bean: class [null]; scope=; abstract=false; lazyInit=false; autowireMode=3; dependencyCheck=0; autowireCandidate=true; primary=false; factoryBeanName=org.springframework.boot.autoconfigure.web.ErrorMvcAutoConfiguration$WhitelabelErrorViewConfiguration; factoryMethodName=beanNameViewResolver; initMethodName=null; destroyMethodName=(inferred); defined in class path resource [org/springframework/boot/autoconfigure/web/ErrorMvcAutoConfiguration$WhitelabelErrorViewConfiguration.class]] with [Root bean: class [null]; scope=; abstract=false; lazyInit=false; autowireMode=3; dependencyCheck=0; autowireCandidate=true; primary=false; factoryBeanName=org.springframework.boot.autoconfigure.web.WebMvcAutoConfiguration$WebMvcAutoConfigurationAdapter; factoryMethodName=beanNameViewResolver; initMethodName=null; destroyMethodName=(inferred); defined in class path resource [org/springframework/boot/autoconfigure/web/WebMvcAutoConfiguration$WebMvcAutoConfigurationAdapter.class]]
2016-03-22 15:55:57.692  INFO 5468 --- [    Test worker] o.s.cloud.context.scope.GenericScope     : BeanFactory id=9b15b189-7ea3-3bc1-b913-a22229b94fd2
2016-03-22 15:55:57.729  INFO 5468 --- [    Test worker] f.a.AutowiredAnnotationBeanPostProcessor : JSR-330 'javax.inject.Inject' annotation found and supported for autowiring
2016-03-22 15:55:57.746  INFO 5468 --- [    Test worker] trationDelegate$BeanPostProcessorChecker : Bean 'org.springframework.cloud.autoconfigure.ConfigurationPropertiesRebinderAutoConfiguration' of type [class org.springframework.cloud.autoconfigure.ConfigurationPropertiesRebinderAutoConfiguration$$EnhancerBySpringCGLIB$$aacb604a] is not eligible for getting processed by all BeanPostProcessors (for example: not eligible for auto-proxying)
2016-03-22 15:55:57.845  INFO 5468 --- [    Test worker] s.c.a.AnnotationConfigApplicationContext : Refreshing org.springframework.context.annotation.AnnotationConfigApplicationContext@2484048c: startup date [Tue Mar 22 15:55:57 CET 2016]; parent: org.springframework.web.context.support.GenericWebApplicationContext@1cf7d73
2016-03-22 15:55:57.975  INFO 5468 --- [    Test worker] f.a.AutowiredAnnotationBeanPostProcessor : JSR-330 'javax.inject.Inject' annotation found and supported for autowiring
2016-03-22 15:55:59.908  INFO 5468 --- [    Test worker] o.s.cloud.commons.util.InetUtils         : Cannot determine local hostname
2016-03-22 15:56:00.278  INFO 5468 --- [    Test worker] s.w.s.m.m.a.RequestMappingHandlerAdapter : Looking for @ControllerAdvice: org.springframework.web.context.support.GenericWebApplicationContext@1cf7d73: startup date [Tue Mar 22 15:55:56 CET 2016]; parent: org.springframework.context.annotation.AnnotationConfigApplicationContext@2008f933
2016-03-22 15:56:00.378  INFO 5468 --- [    Test worker] s.w.s.m.m.a.RequestMappingHandlerMapping : Mapped "{[/hello],methods=[GET]}" onto public java.lang.String com.maxxton.client.DemoClientController.hello(java.lang.String)
2016-03-22 15:56:00.387  INFO 5468 --- [    Test worker] s.w.s.m.m.a.RequestMappingHandlerMapping : Mapped "{[/error]}" onto public org.springframework.http.ResponseEntity<java.util.Map<java.lang.String, java.lang.Object>> org.springframework.boot.autoconfigure.web.BasicErrorController.error(javax.servlet.http.HttpServletRequest)
2016-03-22 15:56:00.388  INFO 5468 --- [    Test worker] s.w.s.m.m.a.RequestMappingHandlerMapping : Mapped "{[/error],produces=[text/html]}" onto public org.springframework.web.servlet.ModelAndView org.springframework.boot.autoconfigure.web.BasicErrorController.errorHtml(javax.servlet.http.HttpServletRequest,javax.servlet.http.HttpServletResponse)
2016-03-22 15:56:00.593  INFO 5468 --- [    Test worker] o.s.w.s.handler.SimpleUrlHandlerMapping  : Mapped URL path [/webjars/**] onto handler of type [class org.springframework.web.servlet.resource.ResourceHttpRequestHandler]
2016-03-22 15:56:00.594  INFO 5468 --- [    Test worker] o.s.w.s.handler.SimpleUrlHandlerMapping  : Mapped URL path [/**] onto handler of type [class org.springframework.web.servlet.resource.ResourceHttpRequestHandler]
2016-03-22 15:56:00.717  INFO 5468 --- [    Test worker] o.s.w.s.handler.SimpleUrlHandlerMapping  : Mapped URL path [/**/favicon.ico] onto handler of type [class org.springframework.web.servlet.resource.ResourceHttpRequestHandler]
2016-03-22 15:56:01.208  WARN 5468 --- [    Test worker] c.n.c.sources.URLConfigurationSource     : No URLs will be polled as dynamic configuration sources.
2016-03-22 15:56:01.209  INFO 5468 --- [    Test worker] c.n.c.sources.URLConfigurationSource     : To enable URLs as dynamic configuration sources, define System property archaius.configurationSource.additionalUrls or make config.properties available on classpath.
2016-03-22 15:56:01.218  WARN 5468 --- [    Test worker] c.n.c.sources.URLConfigurationSource     : No URLs will be polled as dynamic configuration sources.
2016-03-22 15:56:01.219  INFO 5468 --- [    Test worker] c.n.c.sources.URLConfigurationSource     : To enable URLs as dynamic configuration sources, define System property archaius.configurationSource.additionalUrls or make config.properties available on classpath.
2016-03-22 15:56:01.604  INFO 5468 --- [    Test worker] o.s.c.support.DefaultLifecycleProcessor  : Starting beans in phase 0
2016-03-22 15:56:01.654  INFO 5468 --- [    Test worker] c.m.c.DemoClientServiceApplicationTests  : Started DemoClientServiceApplicationTests in 8.555 seconds (JVM running for 10.096)
]]></system-out>
  <system-err><![CDATA[]]></system-err>
</testsuite>
